Build started 05/10/2011 20:34:22.
     1>Project "C:\Users\Jahangir\Tutorial02\Tutorial02\Tutorial02_2010.vcxproj" on node 2 (build target(s)).
     1>InitializeBuildStatus:
         Creating "Debug\Tutorial02.unsuccessfulbuild" because "AlwaysCreate" was specified.
       ClCompile:
         c:\Program Files (x86)\Microsoft Visual Studio 10.0\VC\bin\CL.exe /c /IDXUT\Core /IDXUT\Optional /ZI /nologo /W4 /WX- /Od /Oi /Oy- /D WIN32 /D _DEBUG /D DEBUG /D PROFILE /D _WINDOWS /D D3DXFX_LARGEADDRESS_HANDLE /D _UNICODE /D UNICODE /Gm- /EHsc /RTC1 /MDd /GS /arch:SSE2 /fp:fast /Zc:wchar_t /Zc:forScope /openmp- /Fo"Debug\\" /Fd"Debug\vc100.pdb" /Gd /TP /analyze- /errorReport:prompt Tutorial02.cpp  
         Tutorial02.cpp
       ResourceCompile:
         All outputs are up-to-date.
       ManifestResourceCompile:
         All outputs are up-to-date.
       Link:
         c:\Program Files (x86)\Microsoft Visual Studio 10.0\VC\bin\link.exe /ERRORREPORT:PROMPT /OUT:"C:\Users\Jahangir\Tutorial02\Tutorial02\Debug\Tutorial02.exe" /INCREMENTAL /NOLOGO d3d10.lib d3dx10d.lib d3dx9d.lib dxerr.lib dxguid.lib winmm.lib comctl32.lib kernel32.lib user32.lib gdi32.lib winspool.lib comdlg32.lib advapi32.lib shell32.lib ole32.lib oleaut32.lib uuid.lib odbc32.lib odbccp32.lib /MANIFEST /ManifestFile:"Debug\Tutorial02.exe.intermediate.manifest" /MANIFESTUAC:"level='asInvoker' uiAccess='false'" /DEBUG /PDB:"C:\Users\Jahangir\Tutorial02\Tutorial02\Debug\Tutorial02.pdb" /SUBSYSTEM:WINDOWS /LARGEADDRESSAWARE /TLBID:1 /DYNAMICBASE /NXCOMPAT /IMPLIB:"C:\Users\Jahangir\Tutorial02\Tutorial02\Debug\Tutorial02.lib" /MACHINE:X86 Debug\Tutorial02.res
         Debug\Tutorial02.exe.embed.manifest.res
         Debug\Tutorial02.obj  
       Manifest:
         C:\Program Files (x86)\Microsoft SDKs\Windows\v7.0A\bin\mt.exe /nologo /verbose /out:"Debug\Tutorial02.exe.embed.manifest" /manifest Debug\Tutorial02.exe.intermediate.manifest "c:\Program Files (x86)\Microsoft Visual Studio 10.0\VC\Include\Manifest\dpiaware.manifest"
         All outputs are up-to-date.
       LinkEmbedManifest:
         All outputs are up-to-date.
         Tutorial02_2010.vcxproj -> C:\Users\Jahangir\Tutorial02\Tutorial02\Debug\Tutorial02.exe
       FinalizeBuildStatus:
         Deleting file "Debug\Tutorial02.unsuccessfulbuild".
         Touching "Debug\Tutorial02.lastbuildstate".
     1>Done Building Project "C:\Users\Jahangir\Tutorial02\Tutorial02\Tutorial02_2010.vcxproj" (build target(s)).

Build succeeded.

Time Elapsed 00:00:01.30
